<?xml version="1.0" encoding="UTF-8" ?>
<testsuite tests="25" failures="0" name="ru.TestSite" time="133.813" errors="0" skipped="0">
  <properties>
[...]
</properties>
  <testcase classname="ru.TestSite" name="goTheButtonAllCourses" time="35.001"/>
  <testcase classname="ru.TestSite" name="checkMessageEmptyFields" time="4.564"/>
  <testcase classname="ru.TestSite" name="goTheButtonAllCourses2" time="8.55"/>
  <testcase classname="ru.TestSite" name="goTheButtonAllCourses3" time="5.561"/>
  <testcase classname="ru.TestSite" name="checkMessageIncorrectMail" time="3.172"/>
  <testcase classname="ru.TestSite" name="checkMessageIncorrectName" time="3.248"/>
  <testcase classname="ru.TestSite" name="checkMessageIncorrectPhone" time="4.686"/>
  <testcase classname="ru.TestSite" name="searchVacancyPositive" time="12.209"/>
  <testcase classname="ru.TestSite" name="searchVacancyNegative" time="9.248"/>
  <testcase classname="ru.TestSite" name="moveButtonBlogPage1" time="6.834"/>
  <testcase classname="ru.TestSite" name="moveButtonBlogPage2" time="1.506"/>
  <testcase classname="ru.TestSite" name="moveButtonBlogPage3" time="1.787"/>
  <testcase classname="ru.TestSite" name="moveButtonBlogPage4" time="1.039"/>
  <testcase classname="ru.TestSite" name="moveButtonBlogPage5" time="1.042"/>
  <testcase classname="ru.TestSite" name="moveButtonBlogPage6" time="0.882"/>
  <testcase classname="ru.TestSite" name="searchCoursesDropBoxMenu" time="5.383"/>
  <testcase classname="ru.TestSite" name="goTheButtonVacancy" time="3.93"/>
  <testcase classname="ru.TestSite" name="goTheButtonContacts" time="4.648"/>
  <testcase classname="ru.TestSite" name="searchDictionaryPositive" time="2.057"/>
  <testcase classname="ru.TestSite" name="searchDictionaryNegative" time="1.058"/>
  <testcase classname="ru.TestSite" name="checkMessageShortPhone" time="4.128"/>
  <testcase classname="ru.TestSite" name="searchBlogPositive" time="2.681"/>
  <testcase classname="ru.TestSite" name="searchBlogNegative" time="1.2"/>
  <testcase classname="ru.TestSite" name="searchCoursesDropBoxMenu2" time="5.707"/>
  <testcase classname="ru.TestSite" name="goTheButtonAllReview" time="3.692"/>
</testsuite>